2017-07-13 13:03:49,884 -  INFO (ChunkerLoadDictTP.java:29) - Inicializando generador de chunker...
2017-07-13 13:03:49,884 -  INFO (ChunkerLoadDictTP.java:33) - Generador de chunker ejecutado exitosamente!!!
2017-07-13 13:03:49,885 -  INFO (WorkManager.java:286) - [runJob] Tiempo de procesamiento del Chunker: 3 ms.
2017-07-13 13:03:49,898 - ERROR (FileLoad.java:183) - El archivo [CLASE_BUNDLEcambios.csvqw] no posee extensión '.csv'. No es posible comenzar con el proceso.
2017-07-13 13:03:49,898 - ERROR (FileInteraction.java:247) - No se encontraron archivos a procesar 
2017-07-13 13:03:57,829 -  INFO (SendMail.java:145) - Mensaje enviado correctamente.
2017-07-13 13:03:57,830 - ERROR (FileLoad.java:71) - 
null
	at com.latam.pax.rccltn.business.FileInteraction.validateFile(FileInteraction.java:255)
	at com.latam.pax.rccltn.business.FileLoad.startProcessReadFile(FileLoad.java:52)
	at com.latam.pax.rccltn.process.batchprocess.WorkerLoadDictTP.executeChunk(WorkerLoadDictTP.java:21)
	at com.lanchile.framework.batch.WorkManager$WorkControllerProxy.executeChunk(WorkManager.java:116)
	at com.lanchile.framework.batch.WorkManager$ChunkExecuter.run(WorkManager.java:234)
	at java.lang.Thread.run(Thread.java:745)
2017-07-13 13:03:57,831 - ERROR (WorkerLoadDictTP.java:24) - 
null
	at com.latam.pax.rccltn.business.FileLoad.startProcessReadFile(FileLoad.java:72)
	at com.latam.pax.rccltn.process.batchprocess.WorkerLoadDictTP.executeChunk(WorkerLoadDictTP.java:21)
	at com.lanchile.framework.batch.WorkManager$WorkControllerProxy.executeChunk(WorkManager.java:116)
	at com.lanchile.framework.batch.WorkManager$ChunkExecuter.run(WorkManager.java:234)
	at java.lang.Thread.run(Thread.java:745)
2017-07-13 13:03:57,832 - ERROR (WorkerLoadDictTP.java:25) - LoadDictTransferPrice FAILED
2017-07-13 13:03:57,894 -  INFO (WorkManager.java:296) - [runJob] Tiempo de procesamiento de los Workers: 8009 ms.
2017-07-13 13:03:57,894 -  INFO (BatchJobExecutorLocal.java:213) - [main] Tiempo de total de procesamiento: 8039 ms.
